[2022-08-30 06:49:45] production.ERROR: No application encryption key has been specified. {"exception":"[object] (Illuminate\\Encryption\\MissingAppKeyException(code: 0): No application encryption key has been specified. at D:\\Kuliah\\Semester5\\Kedaireka\\Project\\Purchasing\\Purchasing_System\\vendor\\laravel\\framework\\src\\Illuminate\\Encryption\\EncryptionServiceProvider.php:79)
[stacktrace]
#0 D:\\Kuliah\\Semester5\\Kedaireka\\Project\\Purchasing\\Purchasing_System\\vendor\\laravel\\framework\\src\\Illuminate\\Support\\helpers.php(302): Illuminate\\Encryption\\EncryptionServiceProvider->Illuminate\\Encryption\\{closure}(NULL)
#1 D:\\Kuliah\\Semester5\\Kedaireka\\Project\\Purchasing\\Purchasing_System\\vendor\\laravel\\framework\\src\\Illuminate\\Encryption\\EncryptionServiceProvider.php(81): tap(NULL, Object(Closure))
#2 D:\\Kuliah\\Semester5\\Kedaireka\\Project\\Purchasing\\Purchasing_System\\vendor\\laravel\\framework\\src\\Illuminate\\Encryption\\EncryptionServiceProvider.php(60): Illuminate\\Encryption\\EncryptionServiceProvider->key(Array)
#3 D:\\Kuliah\\Semester5\\Kedaireka\\Project\\Purchasing\\Purchasing_System\\vendor\\laravel\\framework\\src\\Illuminate\\Encryption\\EncryptionServiceProvider.php(32): Illuminate\\Encryption\\EncryptionServiceProvider->parseKey(Array)
#4 D:\\Kuliah\\Semester5\\Kedaireka\\Project\\Purchasing\\Purchasing_System\\vendor\\laravel\\framework\\src\\Illuminate\\Container\\Container.php(871): Illuminate\\Encryption\\EncryptionServiceProvider->Illuminate\\Encryption\\{closure}(Object(Illuminate\\Foundation\\Application), Array)
#5 D:\\Kuliah\\Semester5\\Kedaireka\\Project\\Purchasing\\Purchasing_System\\vendor\\laravel\\framework\\src\\Illuminate\\Container\\Container.php(756): Illuminate\\Container\\Container->build(Object(Closure))
#6 D:\\Kuliah\\Semester5\\Kedaireka\\Project\\Purchasing\\Purchasing_System\\vendor\\laravel\\framework\\src\\Illuminate\\Foundation\\Application.php(857): Illuminate\\Container\\Container->resolve('encrypter', Array, true)
#7 D:\\Kuliah\\Semester5\\Kedaireka\\Project\\Purchasing\\Purchasing_System\\vendor\\laravel\\framework\\src\\Illuminate\\Container\\Container.php(692): Illuminate\\Foundation\\Application->resolve('encrypter', Array)
#8 D:\\Kuliah\\Semester5\\Kedaireka\\Project\\Purchasing\\Purchasing_System\\vendor\\laravel\\framework\\src\\Illuminate\\Foundation\\Application.php(842): Illuminate\\Container\\Container->make('encrypter', Array)
#9 D:\\Kuliah\\Semester5\\Kedaireka\\Project\\Purchasing\\Purchasing_System\\vendor\\laravel\\framework\\src\\Illuminate\\Container\\Container.php(1025): Illuminate\\Foundation\\Application->make('encrypter')
#10 D:\\Kuliah\\Semester5\\Kedaireka\\Project\\Purchasing\\Purchasing_System\\vendor\\laravel\\framework\\src\\Illuminate\\Container\\Container.php(945): Illuminate\\Container\\Container->resolveClass(Object(ReflectionParameter))
#11 D:\\Kuliah\\Semester5\\Kedaireka\\Project\\Purchasing\\Purchasing_System\\vendor\\laravel\\framework\\src\\Illuminate\\Container\\Container.php(906): Illuminate\\Container\\Container->resolveDependencies(Array)
#12 D:\\Kuliah\\Semester5\\Kedaireka\\Project\\Purchasing\\Purchasing_System\\vendor\\laravel\\framework\\src\\Illuminate\\Container\\Container.php(756): Illuminate\\Container\\Container->build('App\\\\Http\\\\Middle...')
#13 D:\\Kuliah\\Semester5\\Kedaireka\\Project\\Purchasing\\Purchasing_System\\vendor\\laravel\\framework\\src\\Illuminate\\Foundation\\Application.php(857): Illuminate\\Container\\Container->resolve('App\\\\Http\\\\Middle...', Array, true)
#14 D:\\Kuliah\\Semester5\\Kedaireka\\Project\\Purchasing\\Purchasing_System\\vendor\\laravel\\framework\\src\\Illuminate\\Container\\Container.php(692): Illuminate\\Foundation\\Application->resolve('App\\\\Http\\\\Middle...', Array)
#15 D:\\Kuliah\\Semester5\\Kedaireka\\Project\\Purchasing\\Purchasing_System\\vendor\\laravel\\framework\\src\\Illuminate\\Foundation\\Application.php(842): Illuminate\\Container\\Container->make('App\\\\Http\\\\Middle...', Array)
#16 D:\\Kuliah\\Semester5\\Kedaireka\\Project\\Purchasing\\Purchasing_System\\vendor\\laravel\\framework\\src\\Illuminate\\Pipeline\\Pipeline.php(169): Illuminate\\Foundation\\Application->make('App\\\\Http\\\\Middle...')
#17 D:\\Kuliah\\Semester5\\Kedaireka\\Project\\Purchasing\\Purchasing_System\\vendor\\laravel\\framework\\src\\Illuminate\\Pipeline\\Pipeline.php(116): Illuminate\\Pipeline\\Pipeline->Illuminate\\Pipeline\\{closure}(Object(Illuminate\\Http\\Request))
#18 D:\\Kuliah\\Semester5\\Kedaireka\\Project\\Purchasing\\Purchasing_System\\vendor\\laravel\\framework\\src\\Illuminate\\Routing\\Router.php(726): Illuminate\\Pipeline\\Pipeline->then(Object(Closure))
#19 D:\\Kuliah\\Semester5\\Kedaireka\\Project\\Purchasing\\Purchasing_System\\vendor\\laravel\\framework\\src\\Illuminate\\Routing\\Router.php(703): Illuminate\\Routing\\Router->runRouteWithinStack(Object(Illuminate\\Routing\\Route), Object(Illuminate\\Http\\Request))
#20 D:\\Kuliah\\Semester5\\Kedaireka\\Project\\Purchasing\\Purchasing_System\\vendor\\laravel\\framework\\src\\Illuminate\\Routing\\Router.php(667): Illuminate\\Routing\\Router->runRoute(Object(Illuminate\\Http\\Request), Object(Illuminate\\Routing\\Route))
#21 D:\\Kuliah\\Semester5\\Kedaireka\\Project\\Purchasing\\Purchasing_System\\vendor\\laravel\\framework\\src\\Illuminate\\Routing\\Router.php(656): Illuminate\\Routing\\Router->dispatchToRoute(Object(Illuminate\\Http\\Request))
#22 D:\\Kuliah\\Semester5\\Kedaireka\\Project\\Purchasing\\Purchasing_System\\vendor\\laravel\\framework\\src\\Illuminate\\Foundation\\Http\\Kernel.php(167): Illuminate\\Routing\\Router->dispatch(Object(Illuminate\\Http\\Request))
#23 D:\\Kuliah\\Semester5\\Kedaireka\\Project\\Purchasing\\Purchasing_System\\vendor\\laravel\\framework\\src\\Illuminate\\Pipeline\\Pipeline.php(141): Illuminate\\Foundation\\Http\\Kernel->Illuminate\\Foundation\\Http\\{closure}(Object(Illuminate\\Http\\Request))
#24 D:\\Kuliah\\Semester5\\Kedaireka\\Project\\Purchasing\\Purchasing_System\\vendor\\laravel\\framework\\src\\Illuminate\\Foundation\\Http\\Middleware\\TransformsRequest.php(21): Illuminate\\Pipeline\\Pipeline->Illuminate\\Pipeline\\{closure}(Object(Illuminate\\Http\\Request))
#25 D:\\Kuliah\\Semester5\\Kedaireka\\Project\\Purchasing\\Purchasing_System\\vendor\\laravel\\framework\\src\\Illuminate\\Foundation\\Http\\Middleware\\ConvertEmptyStringsToNull.php(31): Illuminate\\Foundation\\Http\\Middleware\\TransformsRequest->handle(Object(Illuminate\\Http\\Request), Object(Closure))
#26 D:\\Kuliah\\Semester5\\Kedaireka\\Project\\Purchasing\\Purchasing_System\\vendor\\laravel\\framework\\src\\Illuminate\\Pipeline\\Pipeline.php(180): Illuminate\\Foundation\\Http\\Middleware\\ConvertEmptyStringsToNull->handle(Object(Illuminate\\Http\\Request), Object(Closure))
#27 D:\\Kuliah\\Semester5\\Kedaireka\\Project\\Purchasing\\Purchasing_System\\vendor\\laravel\\framework\\src\\Illuminate\\Foundation\\Http\\Middleware\\TransformsRequest.php(21): Illuminate\\Pipeline\\Pipeline->Illuminate\\Pipeline\\{closure}(Object(Illuminate\\Http\\Request))
#28 D:\\Kuliah\\Semester5\\Kedaireka\\Project\\Purchasing\\Purchasing_System\\vendor\\laravel\\framework\\src\\Illuminate\\Foundation\\Http\\Middleware\\TrimStrings.php(40): Illuminate\\Foundation\\Http\\Middleware\\TransformsRequest->handle(Object(Illuminate\\Http\\Request), Object(Closure))
#29 D:\\Kuliah\\Semester5\\Kedaireka\\Project\\Purchasing\\Purchasing_System\\vendor\\laravel\\framework\\src\\Illuminate\\Pipeline\\Pipeline.php(180): Illuminate\\Foundation\\Http\\Middleware\\TrimStrings->handle(Object(Illuminate\\Http\\Request), Object(Closure))
#30 D:\\Kuliah\\Semester5\\Kedaireka\\Project\\Purchasing\\Purchasing_System\\vendor\\laravel\\framework\\src\\Illuminate\\Foundation\\Http\\Middleware\\ValidatePostSize.php(27): Illuminate\\Pipeline\\Pipeline->Illuminate\\Pipeline\\{closure}(Object(Illuminate\\Http\\Request))
#31 D:\\Kuliah\\Semester5\\Kedaireka\\Project\\Purchasing\\Purchasing_System\\vendor\\laravel\\framework\\src\\Illuminate\\Pipeline\\Pipeline.php(180): Illuminate\\Foundation\\Http\\Middleware\\ValidatePostSize->handle(Object(Illuminate\\Http\\Request), Object(Closure))
#32 D:\\Kuliah\\Semester5\\Kedaireka\\Project\\Purchasing\\Purchasing_System\\vendor\\laravel\\framework\\src\\Illuminate\\Foundation\\Http\\Middleware\\PreventRequestsDuringMaintenance.php(86): Illuminate\\Pipeline\\Pipeline->Illuminate\\Pipeline\\{closure}(Object(Illuminate\\Http\\Request))
#33 D:\\Kuliah\\Semester5\\Kedaireka\\Project\\Purchasing\\Purchasing_System\\vendor\\laravel\\framework\\src\\Illuminate\\Pipeline\\Pipeline.php(180): Illuminate\\Foundation\\Http\\Middleware\\PreventRequestsDuringMaintenance->handle(Object(Illuminate\\Http\\Request), Object(Closure))
#34 D:\\Kuliah\\Semester5\\Kedaireka\\Project\\Purchasing\\Purchasing_System\\vendor\\laravel\\framework\\src\\Illuminate\\Http\\Middleware\\HandleCors.php(49): Illuminate\\Pipeline\\Pipeline->Illuminate\\Pipeline\\{closure}(Object(Illuminate\\Http\\Request))
#35 D:\\Kuliah\\Semester5\\Kedaireka\\Project\\Purchasing\\Purchasing_System\\vendor\\laravel\\framework\\src\\Illuminate\\Pipeline\\Pipeline.php(180): Illuminate\\Http\\Middleware\\HandleCors->handle(Object(Illuminate\\Http\\Request), Object(Closure))
#36 D:\\Kuliah\\Semester5\\Kedaireka\\Project\\Purchasing\\Purchasing_System\\vendor\\laravel\\framework\\src\\Illuminate\\Http\\Middleware\\TrustProxies.php(39): Illuminate\\Pipeline\\Pipeline->Illuminate\\Pipeline\\{closure}(Object(Illuminate\\Http\\Request))
#37 D:\\Kuliah\\Semester5\\Kedaireka\\Project\\Purchasing\\Purchasing_System\\vendor\\laravel\\framework\\src\\Illuminate\\Pipeline\\Pipeline.php(180): Illuminate\\Http\\Middleware\\TrustProxies->handle(Object(Illuminate\\Http\\Request), Object(Closure))
#38 D:\\Kuliah\\Semester5\\Kedaireka\\Project\\Purchasing\\Purchasing_System\\vendor\\laravel\\framework\\src\\Illuminate\\Pipeline\\Pipeline.php(116): Illuminate\\Pipeline\\Pipeline->Illuminate\\Pipeline\\{closure}(Object(Illuminate\\Http\\Request))
#39 D:\\Kuliah\\Semester5\\Kedaireka\\Project\\Purchasing\\Purchasing_System\\vendor\\laravel\\framework\\src\\Illuminate\\Foundation\\Http\\Kernel.php(142): Illuminate\\Pipeline\\Pipeline->then(Object(Closure))
#40 D:\\Kuliah\\Semester5\\Kedaireka\\Project\\Purchasing\\Purchasing_System\\vendor\\laravel\\framework\\src\\Illuminate\\Foundation\\Http\\Kernel.php(111): Illuminate\\Foundation\\Http\\Kernel->sendRequestThroughRouter(Object(Illuminate\\Http\\Request))
#41 D:\\Kuliah\\Semester5\\Kedaireka\\Project\\Purchasing\\Purchasing_System\\public\\index.php(52): Illuminate\\Foundation\\Http\\Kernel->handle(Object(Illuminate\\Http\\Request))
#42 D:\\Kuliah\\Semester5\\Kedaireka\\Project\\Purchasing\\Purchasing_System\\vendor\\laravel\\framework\\src\\Illuminate\\Foundation\\resources\\server.php(16): require_once('D:\\\\Kuliah\\\\Semes...')
#43 {main}
"} 
[2022-08-30 06:49:45] production.ERROR: No application encryption key has been specified. {"exception":"[object] (Illuminate\\Encryption\\MissingAppKeyException(code: 0): No application encryption key has been specified. at D:\\Kuliah\\Semester5\\Kedaireka\\Project\\Purchasing\\Purchasing_System\\vendor\\laravel\\framework\\src\\Illuminate\\Encryption\\EncryptionServiceProvider.php:79)
[stacktrace]
#0 D:\\Kuliah\\Semester5\\Kedaireka\\Project\\Purchasing\\Purchasing_System\\vendor\\laravel\\framework\\src\\Illuminate\\Support\\helpers.php(302): Illuminate\\Encryption\\EncryptionServiceProvider->Illuminate\\Encryption\\{closure}(NULL)
#1 D:\\Kuliah\\Semester5\\Kedaireka\\Project\\Purchasing\\Purchasing_System\\vendor\\laravel\\framework\\src\\Illuminate\\Encryption\\EncryptionServiceProvider.php(81): tap(NULL, Object(Closure))
#2 D:\\Kuliah\\Semester5\\Kedaireka\\Project\\Purchasing\\Purchasing_System\\vendor\\laravel\\framework\\src\\Illuminate\\Encryption\\EncryptionServiceProvider.php(60): Illuminate\\Encryption\\EncryptionServiceProvider->key(Array)
#3 D:\\Kuliah\\Semester5\\Kedaireka\\Project\\Purchasing\\Purchasing_System\\vendor\\laravel\\framework\\src\\Illuminate\\Encryption\\EncryptionServiceProvider.php(32): Illuminate\\Encryption\\EncryptionServiceProvider->parseKey(Array)
#4 D:\\Kuliah\\Semester5\\Kedaireka\\Project\\Purchasing\\Purchasing_System\\vendor\\laravel\\framework\\src\\Illuminate\\Container\\Container.php(871): Illuminate\\Encryption\\EncryptionServiceProvider->Illuminate\\Encryption\\{closure}(Object(Illuminate\\Foundation\\Application), Array)
#5 D:\\Kuliah\\Semester5\\Kedaireka\\Project\\Purchasing\\Purchasing_System\\vendor\\laravel\\framework\\src\\Illuminate\\Container\\Container.php(756): Illuminate\\Container\\Container->build(Object(Closure))
#6 D:\\Kuliah\\Semester5\\Kedaireka\\Project\\Purchasing\\Purchasing_System\\vendor\\laravel\\framework\\src\\Illuminate\\Foundation\\Application.php(857): Illuminate\\Container\\Container->resolve('encrypter', Array, true)
#7 D:\\Kuliah\\Semester5\\Kedaireka\\Project\\Purchasing\\Purchasing_System\\vendor\\laravel\\framework\\src\\Illuminate\\Container\\Container.php(692): Illuminate\\Foundation\\Application->resolve('encrypter', Array)
#8 D:\\Kuliah\\Semester5\\Kedaireka\\Project\\Purchasing\\Purchasing_System\\vendor\\laravel\\framework\\src\\Illuminate\\Foundation\\Application.php(842): Illuminate\\Container\\Container->make('encrypter', Array)
#9 D:\\Kuliah\\Semester5\\Kedaireka\\Project\\Purchasing\\Purchasing_System\\vendor\\laravel\\framework\\src\\Illuminate\\Container\\Container.php(1025): Illuminate\\Foundation\\Application->make('encrypter')
#10 D:\\Kuliah\\Semester5\\Kedaireka\\Project\\Purchasing\\Purchasing_System\\vendor\\laravel\\framework\\src\\Illuminate\\Container\\Container.php(945): Illuminate\\Container\\Container->resolveClass(Object(ReflectionParameter))
#11 D:\\Kuliah\\Semester5\\Kedaireka\\Project\\Purchasing\\Purchasing_System\\vendor\\laravel\\framework\\src\\Illuminate\\Container\\Container.php(906): Illuminate\\Container\\Container->resolveDependencies(Array)
#12 D:\\Kuliah\\Semester5\\Kedaireka\\Project\\Purchasing\\Purchasing_System\\vendor\\laravel\\framework\\src\\Illuminate\\Container\\Container.php(756): Illuminate\\Container\\Container->build('App\\\\Http\\\\Middle...')
#13 D:\\Kuliah\\Semester5\\Kedaireka\\Project\\Purchasing\\Purchasing_System\\vendor\\laravel\\framework\\src\\Illuminate\\Foundation\\Application.php(857): Illuminate\\Container\\Container->resolve('App\\\\Http\\\\Middle...', Array, true)
#14 D:\\Kuliah\\Semester5\\Kedaireka\\Project\\Purchasing\\Purchasing_System\\vendor\\laravel\\framework\\src\\Illuminate\\Container\\Container.php(692): Illuminate\\Foundation\\Application->resolve('App\\\\Http\\\\Middle...', Array)
#15 D:\\Kuliah\\Semester5\\Kedaireka\\Project\\Purchasing\\Purchasing_System\\vendor\\laravel\\framework\\src\\Illuminate\\Foundation\\Application.php(842): Illuminate\\Container\\Container->make('App\\\\Http\\\\Middle...', Array)
#16 D:\\Kuliah\\Semester5\\Kedaireka\\Project\\Purchasing\\Purchasing_System\\vendor\\laravel\\framework\\src\\Illuminate\\Foundation\\Http\\Kernel.php(206): Illuminate\\Foundation\\Application->make('App\\\\Http\\\\Middle...')
#17 D:\\Kuliah\\Semester5\\Kedaireka\\Project\\Purchasing\\Purchasing_System\\vendor\\laravel\\framework\\src\\Illuminate\\Foundation\\Http\\Kernel.php(180): Illuminate\\Foundation\\Http\\Kernel->terminateMiddleware(Object(Illuminate\\Http\\Request), Object(Illuminate\\Http\\Response))
#18 D:\\Kuliah\\Semester5\\Kedaireka\\Project\\Purchasing\\Purchasing_System\\public\\index.php(55): Illuminate\\Foundation\\Http\\Kernel->terminate(Object(Illuminate\\Http\\Request), Object(Illuminate\\Http\\Response))
#19 D:\\Kuliah\\Semester5\\Kedaireka\\Project\\Purchasing\\Purchasing_System\\vendor\\laravel\\framework\\src\\Illuminate\\Foundation\\resources\\server.php(16): require_once('D:\\\\Kuliah\\\\Semes...')
#20 {main}
"} 
[2022-08-30 07:22:21] local.ERROR: SQLSTATE[42S01]: Base table or view already exists: 1050 Table 'locations' already exists (SQL: create table `locations` (`id` bigint unsigned not null auto_increment primary key, `location_name` varchar(100) not null, `address` text not null, `created_at` timestamp null, `updated_at` timestamp null) default character set utf8mb4 collate 'utf8mb4_unicode_ci') {"exception":"[object] (Illuminate\\Database\\QueryException(code: 42S01): SQLSTATE[42S01]: Base table or view already exists: 1050 Table 'locations' already exists (SQL: create table `locations` (`id` bigint unsigned not null auto_increment primary key, `location_name` varchar(100) not null, `address` text not null, `created_at` timestamp null, `updated_at` timestamp null) default character set utf8mb4 collate 'utf8mb4_unicode_ci') at D:\\Kuliah\\Semester5\\Kedaireka\\Project\\Purchasing\\Purchasing_System\\vendor\\laravel\\framework\\src\\Illuminate\\Database\\Connection.php:759)
[stacktrace]
#0 D:\\Kuliah\\Semester5\\Kedaireka\\Project\\Purchasing\\Purchasing_System\\vendor\\laravel\\framework\\src\\Illuminate\\Database\\Connection.php(719): Illuminate\\Database\\Connection->runQueryCallback('create table `l...', Array, Object(Closure))
#1 D:\\Kuliah\\Semester5\\Kedaireka\\Project\\Purchasing\\Purchasing_System\\vendor\\laravel\\framework\\src\\Illuminate\\Database\\Connection.php(545): Illuminate\\Database\\Connection->run('create table `l...', Array, Object(Closure))
#2 D:\\Kuliah\\Semester5\\Kedaireka\\Project\\Purchasing\\Purchasing_System\\vendor\\laravel\\framework\\src\\Illuminate\\Database\\Schema\\Blueprint.php(109): Illuminate\\Database\\Connection->statement('create table `l...')
#3 D:\\Kuliah\\Semester5\\Kedaireka\\Project\\Purchasing\\Purchasing_System\\vendor\\laravel\\framework\\src\\Illuminate\\Database\\Schema\\Builder.php(394): Illuminate\\Database\\Schema\\Blueprint->build(Object(Illuminate\\Database\\MySqlConnection), Object(Illuminate\\Database\\Schema\\Grammars\\MySqlGrammar))
#4 D:\\Kuliah\\Semester5\\Kedaireka\\Project\\Purchasing\\Purchasing_System\\vendor\\laravel\\framework\\src\\Illuminate\\Database\\Schema\\Builder.php(257): Illuminate\\Database\\Schema\\Builder->build(Object(Illuminate\\Database\\Schema\\Blueprint))
#5 D:\\Kuliah\\Semester5\\Kedaireka\\Project\\Purchasing\\Purchasing_System\\vendor\\laravel\\framework\\src\\Illuminate\\Support\\Facades\\Facade.php(338): Illuminate\\Database\\Schema\\Builder->create('locations', Object(Closure))
#6 D:\\Kuliah\\Semester5\\Kedaireka\\Project\\Purchasing\\Purchasing_System\\database\\migrations\\2022_08_29_030159_create_locations_table.php(21): Illuminate\\Support\\Facades\\Facade::__callStatic('create', Array)
#7 D:\\Kuliah\\Semester5\\Kedaireka\\Project\\Purchasing\\Purchasing_System\\vendor\\laravel\\framework\\src\\Illuminate\\Database\\Migrations\\Migrator.php(482): Illuminate\\Database\\Migrations\\Migration@anonymous->up()
#8 D:\\Kuliah\\Semester5\\Kedaireka\\Project\\Purchasing\\Purchasing_System\\vendor\\laravel\\framework\\src\\Illuminate\\Database\\Migrations\\Migrator.php(400): Illuminate\\Database\\Migrations\\Migrator->runMethod(Object(Illuminate\\Database\\MySqlConnection), Object(Illuminate\\Database\\Migrations\\Migration@anonymous), 'up')
#9 D:\\Kuliah\\Semester5\\Kedaireka\\Project\\Purchasing\\Purchasing_System\\vendor\\laravel\\framework\\src\\Illuminate\\Database\\Migrations\\Migrator.php(409): Illuminate\\Database\\Migrations\\Migrator->Illuminate\\Database\\Migrations\\{closure}()
#10 D:\\Kuliah\\Semester5\\Kedaireka\\Project\\Purchasing\\Purchasing_System\\vendor\\laravel\\framework\\src\\Illuminate\\Database\\Migrations\\Migrator.php(210): Illuminate\\Database\\Migrations\\Migrator->runMigration(Object(Illuminate\\Database\\Migrations\\Migration@anonymous), 'up')
#11 D:\\Kuliah\\Semester5\\Kedaireka\\Project\\Purchasing\\Purchasing_System\\vendor\\laravel\\framework\\src\\Illuminate\\Console\\View\\Components\\Task.php(36): Illuminate\\Database\\Migrations\\Migrator->Illuminate\\Database\\Migrations\\{closure}()
#12 D:\\Kuliah\\Semester5\\Kedaireka\\Project\\Purchasing\\Purchasing_System\\vendor\\laravel\\framework\\src\\Illuminate\\Database\\Migrations\\Migrator.php(740): Illuminate\\Console\\View\\Components\\Task->render('2022_08_29_0301...', Object(Closure))
#13 D:\\Kuliah\\Semester5\\Kedaireka\\Project\\Purchasing\\Purchasing_System\\vendor\\laravel\\framework\\src\\Illuminate\\Database\\Migrations\\Migrator.php(210): Illuminate\\Database\\Migrations\\Migrator->write('Illuminate\\\\Cons...', '2022_08_29_0301...', Object(Closure))
#14 D:\\Kuliah\\Semester5\\Kedaireka\\Project\\Purchasing\\Purchasing_System\\vendor\\laravel\\framework\\src\\Illuminate\\Database\\Migrations\\Migrator.php(175): Illuminate\\Database\\Migrations\\Migrator->runUp('D:\\\\Kuliah\\\\Semes...', 2, false)
#15 D:\\Kuliah\\Semester5\\Kedaireka\\Project\\Purchasing\\Purchasing_System\\vendor\\laravel\\framework\\src\\Illuminate\\Database\\Migrations\\Migrator.php(118): Illuminate\\Database\\Migrations\\Migrator->runPending(Array, Array)
#16 D:\\Kuliah\\Semester5\\Kedaireka\\Project\\Purchasing\\Purchasing_System\\vendor\\laravel\\framework\\src\\Illuminate\\Database\\Console\\Migrations\\MigrateCommand.php(87): Illuminate\\Database\\Migrations\\Migrator->run(Array, Array)
#17 D:\\Kuliah\\Semester5\\Kedaireka\\Project\\Purchasing\\Purchasing_System\\vendor\\laravel\\framework\\src\\Illuminate\\Database\\Migrations\\Migrator.php(616): Illuminate\\Database\\Console\\Migrations\\MigrateCommand->Illuminate\\Database\\Console\\Migrations\\{closure}()
#18 D:\\Kuliah\\Semester5\\Kedaireka\\Project\\Purchasing\\Purchasing_System\\vendor\\laravel\\framework\\src\\Illuminate\\Database\\Console\\Migrations\\MigrateCommand.php(99): Illuminate\\Database\\Migrations\\Migrator->usingConnection(NULL, Object(Closure))
#19 D:\\Kuliah\\Semester5\\Kedaireka\\Project\\Purchasing\\Purchasing_System\\vendor\\laravel\\framework\\src\\Illuminate\\Container\\BoundMethod.php(36): Illuminate\\Database\\Console\\Migrations\\MigrateCommand->handle()
#20 D:\\Kuliah\\Semester5\\Kedaireka\\Project\\Purchasing\\Purchasing_System\\vendor\\laravel\\framework\\src\\Illuminate\\Container\\Util.php(41): Illuminate\\Container\\BoundMethod::Illuminate\\Container\\{closure}()
#21 D:\\Kuliah\\Semester5\\Kedaireka\\Project\\Purchasing\\Purchasing_System\\vendor\\laravel\\framework\\src\\Illuminate\\Container\\BoundMethod.php(93): Illuminate\\Container\\Util::unwrapIfClosure(Object(Closure))
#22 D:\\Kuliah\\Semester5\\Kedaireka\\Project\\Purchasing\\Purchasing_System\\vendor\\laravel\\framework\\src\\Illuminate\\Container\\BoundMethod.php(37): Illuminate\\Container\\BoundMethod::callBoundMethod(Object(Illuminate\\Foundation\\Application), Array, Object(Closure))
#23 D:\\Kuliah\\Semester5\\Kedaireka\\Project\\Purchasing\\Purchasing_System\\vendor\\laravel\\framework\\src\\Illuminate\\Container\\Container.php(651): Illuminate\\Container\\BoundMethod::call(Object(Illuminate\\Foundation\\Application), Array, Array, NULL)
#24 D:\\Kuliah\\Semester5\\Kedaireka\\Project\\Purchasing\\Purchasing_System\\vendor\\laravel\\framework\\src\\Illuminate\\Console\\Command.php(139): Illuminate\\Container\\Container->call(Array)
#25 D:\\Kuliah\\Semester5\\Kedaireka\\Project\\Purchasing\\Purchasing_System\\vendor\\symfony\\console\\Command\\Command.php(308): Illuminate\\Console\\Command->execute(Object(Symfony\\Component\\Console\\Input\\ArgvInput), Object(Illuminate\\Console\\OutputStyle))
#26 D:\\Kuliah\\Semester5\\Kedaireka\\Project\\Purchasing\\Purchasing_System\\vendor\\laravel\\framework\\src\\Illuminate\\Console\\Command.php(124): Symfony\\Component\\Console\\Command\\Command->run(Object(Symfony\\Component\\Console\\Input\\ArgvInput), Object(Illuminate\\Console\\OutputStyle))
#27 D:\\Kuliah\\Semester5\\Kedaireka\\Project\\Purchasing\\Purchasing_System\\vendor\\symfony\\console\\Application.php(1002): Illuminate\\Console\\Command->run(Object(Symfony\\Component\\Console\\Input\\ArgvInput), Object(Symfony\\Component\\Console\\Output\\ConsoleOutput))
#28 D:\\Kuliah\\Semester5\\Kedaireka\\Project\\Purchasing\\Purchasing_System\\vendor\\symfony\\console\\Application.php(299): Symfony\\Component\\Console\\Application->doRunCommand(Object(Illuminate\\Database\\Console\\Migrations\\MigrateCommand), Object(Symfony\\Component\\Console\\Input\\ArgvInput), Object(Symfony\\Component\\Console\\Output\\ConsoleOutput))
#29 D:\\Kuliah\\Semester5\\Kedaireka\\Project\\Purchasing\\Purchasing_System\\vendor\\symfony\\console\\Application.php(171): Symfony\\Component\\Console\\Application->doRun(Object(Symfony\\Component\\Console\\Input\\ArgvInput), Object(Symfony\\Component\\Console\\Output\\ConsoleOutput))
#30 D:\\Kuliah\\Semester5\\Kedaireka\\Project\\Purchasing\\Purchasing_System\\vendor\\laravel\\framework\\src\\Illuminate\\Console\\Application.php(102): Symfony\\Component\\Console\\Application->run(Object(Symfony\\Component\\Console\\Input\\ArgvInput), Object(Symfony\\Component\\Console\\Output\\ConsoleOutput))
#31 D:\\Kuliah\\Semester5\\Kedaireka\\Project\\Purchasing\\Purchasing_System\\vendor\\laravel\\framework\\src\\Illuminate\\Foundation\\Console\\Kernel.php(129): Illuminate\\Console\\Application->run(Object(Symfony\\Component\\Console\\Input\\ArgvInput), Object(Symfony\\Component\\Console\\Output\\ConsoleOutput))
#32 D:\\Kuliah\\Semester5\\Kedaireka\\Project\\Purchasing\\Purchasing_System\\artisan(37): Illuminate\\Foundation\\Console\\Kernel->handle(Object(Symfony\\Component\\Console\\Input\\ArgvInput), Object(Symfony\\Component\\Console\\Output\\ConsoleOutput))
#33 {main}

[previous exception] [object] (PDOException(code: 42S01): SQLSTATE[42S01]: Base table or view already exists: 1050 Table 'locations' already exists at D:\\Kuliah\\Semester5\\Kedaireka\\Project\\Purchasing\\Purchasing_System\\vendor\\laravel\\framework\\src\\Illuminate\\Database\\Connection.php:544)
[stacktrace]
#0 D:\\Kuliah\\Semester5\\Kedaireka\\Project\\Purchasing\\Purchasing_System\\vendor\\laravel\\framework\\src\\Illuminate\\Database\\Connection.php(544): PDOStatement->execute()
#1 D:\\Kuliah\\Semester5\\Kedaireka\\Project\\Purchasing\\Purchasing_System\\vendor\\laravel\\framework\\src\\Illuminate\\Database\\Connection.php(752): Illuminate\\Database\\Connection->Illuminate\\Database\\{closure}('create table `l...', Array)
#2 D:\\Kuliah\\Semester5\\Kedaireka\\Project\\Purchasing\\Purchasing_System\\vendor\\laravel\\framework\\src\\Illuminate\\Database\\Connection.php(719): Illuminate\\Database\\Connection->runQueryCallback('create table `l...', Array, Object(Closure))
#3 D:\\Kuliah\\Semester5\\Kedaireka\\Project\\Purchasing\\Purchasing_System\\vendor\\laravel\\framework\\src\\Illuminate\\Database\\Connection.php(545): Illuminate\\Database\\Connection->run('create table `l...', Array, Object(Closure))
#4 D:\\Kuliah\\Semester5\\Kedaireka\\Project\\Purchasing\\Purchasing_System\\vendor\\laravel\\framework\\src\\Illuminate\\Database\\Schema\\Blueprint.php(109): Illuminate\\Database\\Connection->statement('create table `l...')
#5 D:\\Kuliah\\Semester5\\Kedaireka\\Project\\Purchasing\\Purchasing_System\\vendor\\laravel\\framework\\src\\Illuminate\\Database\\Schema\\Builder.php(394): Illuminate\\Database\\Schema\\Blueprint->build(Object(Illuminate\\Database\\MySqlConnection), Object(Illuminate\\Database\\Schema\\Grammars\\MySqlGrammar))
#6 D:\\Kuliah\\Semester5\\Kedaireka\\Project\\Purchasing\\Purchasing_System\\vendor\\laravel\\framework\\src\\Illuminate\\Database\\Schema\\Builder.php(257): Illuminate\\Database\\Schema\\Builder->build(Object(Illuminate\\Database\\Schema\\Blueprint))
#7 D:\\Kuliah\\Semester5\\Kedaireka\\Project\\Purchasing\\Purchasing_System\\vendor\\laravel\\framework\\src\\Illuminate\\Support\\Facades\\Facade.php(338): Illuminate\\Database\\Schema\\Builder->create('locations', Object(Closure))
#8 D:\\Kuliah\\Semester5\\Kedaireka\\Project\\Purchasing\\Purchasing_System\\database\\migrations\\2022_08_29_030159_create_locations_table.php(21): Illuminate\\Support\\Facades\\Facade::__callStatic('create', Array)
#9 D:\\Kuliah\\Semester5\\Kedaireka\\Project\\Purchasing\\Purchasing_System\\vendor\\laravel\\framework\\src\\Illuminate\\Database\\Migrations\\Migrator.php(482): Illuminate\\Database\\Migrations\\Migration@anonymous->up()
#10 D:\\Kuliah\\Semester5\\Kedaireka\\Project\\Purchasing\\Purchasing_System\\vendor\\laravel\\framework\\src\\Illuminate\\Database\\Migrations\\Migrator.php(400): Illuminate\\Database\\Migrations\\Migrator->runMethod(Object(Illuminate\\Database\\MySqlConnection), Object(Illuminate\\Database\\Migrations\\Migration@anonymous), 'up')
#11 D:\\Kuliah\\Semester5\\Kedaireka\\Project\\Purchasing\\Purchasing_System\\vendor\\laravel\\framework\\src\\Illuminate\\Database\\Migrations\\Migrator.php(409): Illuminate\\Database\\Migrations\\Migrator->Illuminate\\Database\\Migrations\\{closure}()
#12 D:\\Kuliah\\Semester5\\Kedaireka\\Project\\Purchasing\\Purchasing_System\\vendor\\laravel\\framework\\src\\Illuminate\\Database\\Migrations\\Migrator.php(210): Illuminate\\Database\\Migrations\\Migrator->runMigration(Object(Illuminate\\Database\\Migrations\\Migration@anonymous), 'up')
#13 D:\\Kuliah\\Semester5\\Kedaireka\\Project\\Purchasing\\Purchasing_System\\vendor\\laravel\\framework\\src\\Illuminate\\Console\\View\\Components\\Task.php(36): Illuminate\\Database\\Migrations\\Migrator->Illuminate\\Database\\Migrations\\{closure}()
#14 D:\\Kuliah\\Semester5\\Kedaireka\\Project\\Purchasing\\Purchasing_System\\vendor\\laravel\\framework\\src\\Illuminate\\Database\\Migrations\\Migrator.php(740): Illuminate\\Console\\View\\Components\\Task->render('2022_08_29_0301...', Object(Closure))
#15 D:\\Kuliah\\Semester5\\Kedaireka\\Project\\Purchasing\\Purchasing_System\\vendor\\laravel\\framework\\src\\Illuminate\\Database\\Migrations\\Migrator.php(210): Illuminate\\Database\\Migrations\\Migrator->write('Illuminate\\\\Cons...', '2022_08_29_0301...', Object(Closure))
#16 D:\\Kuliah\\Semester5\\Kedaireka\\Project\\Purchasing\\Purchasing_System\\vendor\\laravel\\framework\\src\\Illuminate\\Database\\Migrations\\Migrator.php(175): Illuminate\\Database\\Migrations\\Migrator->runUp('D:\\\\Kuliah\\\\Semes...', 2, false)
#17 D:\\Kuliah\\Semester5\\Kedaireka\\Project\\Purchasing\\Purchasing_System\\vendor\\laravel\\framework\\src\\Illuminate\\Database\\Migrations\\Migrator.php(118): Illuminate\\Database\\Migrations\\Migrator->runPending(Array, Array)
#18 D:\\Kuliah\\Semester5\\Kedaireka\\Project\\Purchasing\\Purchasing_System\\vendor\\laravel\\framework\\src\\Illuminate\\Database\\Console\\Migrations\\MigrateCommand.php(87): Illuminate\\Database\\Migrations\\Migrator->run(Array, Array)
#19 D:\\Kuliah\\Semester5\\Kedaireka\\Project\\Purchasing\\Purchasing_System\\vendor\\laravel\\framework\\src\\Illuminate\\Database\\Migrations\\Migrator.php(616): Illuminate\\Database\\Console\\Migrations\\MigrateCommand->Illuminate\\Database\\Console\\Migrations\\{closure}()
#20 D:\\Kuliah\\Semester5\\Kedaireka\\Project\\Purchasing\\Purchasing_System\\vendor\\laravel\\framework\\src\\Illuminate\\Database\\Console\\Migrations\\MigrateCommand.php(99): Illuminate\\Database\\Migrations\\Migrator->usingConnection(NULL, Object(Closure))
#21 D:\\Kuliah\\Semester5\\Kedaireka\\Project\\Purchasing\\Purchasing_System\\vendor\\laravel\\framework\\src\\Illuminate\\Container\\BoundMethod.php(36): Illuminate\\Database\\Console\\Migrations\\MigrateCommand->handle()
#22 D:\\Kuliah\\Semester5\\Kedaireka\\Project\\Purchasing\\Purchasing_System\\vendor\\laravel\\framework\\src\\Illuminate\\Container\\Util.php(41): Illuminate\\Container\\BoundMethod::Illuminate\\Container\\{closure}()
#23 D:\\Kuliah\\Semester5\\Kedaireka\\Project\\Purchasing\\Purchasing_System\\vendor\\laravel\\framework\\src\\Illuminate\\Container\\BoundMethod.php(93): Illuminate\\Container\\Util::unwrapIfClosure(Object(Closure))
#24 D:\\Kuliah\\Semester5\\Kedaireka\\Project\\Purchasing\\Purchasing_System\\vendor\\laravel\\framework\\src\\Illuminate\\Container\\BoundMethod.php(37): Illuminate\\Container\\BoundMethod::callBoundMethod(Object(Illuminate\\Foundation\\Application), Array, Object(Closure))
#25 D:\\Kuliah\\Semester5\\Kedaireka\\Project\\Purchasing\\Purchasing_System\\vendor\\laravel\\framework\\src\\Illuminate\\Container\\Container.php(651): Illuminate\\Container\\BoundMethod::call(Object(Illuminate\\Foundation\\Application), Array, Array, NULL)
#26 D:\\Kuliah\\Semester5\\Kedaireka\\Project\\Purchasing\\Purchasing_System\\vendor\\laravel\\framework\\src\\Illuminate\\Console\\Command.php(139): Illuminate\\Container\\Container->call(Array)
#27 D:\\Kuliah\\Semester5\\Kedaireka\\Project\\Purchasing\\Purchasing_System\\vendor\\symfony\\console\\Command\\Command.php(308): Illuminate\\Console\\Command->execute(Object(Symfony\\Component\\Console\\Input\\ArgvInput), Object(Illuminate\\Console\\OutputStyle))
#28 D:\\Kuliah\\Semester5\\Kedaireka\\Project\\Purchasing\\Purchasing_System\\vendor\\laravel\\framework\\src\\Illuminate\\Console\\Command.php(124): Symfony\\Component\\Console\\Command\\Command->run(Object(Symfony\\Component\\Console\\Input\\ArgvInput), Object(Illuminate\\Console\\OutputStyle))
#29 D:\\Kuliah\\Semester5\\Kedaireka\\Project\\Purchasing\\Purchasing_System\\vendor\\symfony\\console\\Application.php(1002): Illuminate\\Console\\Command->run(Object(Symfony\\Component\\Console\\Input\\ArgvInput), Object(Symfony\\Component\\Console\\Output\\ConsoleOutput))
#30 D:\\Kuliah\\Semester5\\Kedaireka\\Project\\Purchasing\\Purchasing_System\\vendor\\symfony\\console\\Application.php(299): Symfony\\Component\\Console\\Application->doRunCommand(Object(Illuminate\\Database\\Console\\Migrations\\MigrateCommand), Object(Symfony\\Component\\Console\\Input\\ArgvInput), Object(Symfony\\Component\\Console\\Output\\ConsoleOutput))
#31 D:\\Kuliah\\Semester5\\Kedaireka\\Project\\Purchasing\\Purchasing_System\\vendor\\symfony\\console\\Application.php(171): Symfony\\Component\\Console\\Application->doRun(Object(Symfony\\Component\\Console\\Input\\ArgvInput), Object(Symfony\\Component\\Console\\Output\\ConsoleOutput))
#32 D:\\Kuliah\\Semester5\\Kedaireka\\Project\\Purchasing\\Purchasing_System\\vendor\\laravel\\framework\\src\\Illuminate\\Console\\Application.php(102): Symfony\\Component\\Console\\Application->run(Object(Symfony\\Component\\Console\\Input\\ArgvInput), Object(Symfony\\Component\\Console\\Output\\ConsoleOutput))
#33 D:\\Kuliah\\Semester5\\Kedaireka\\Project\\Purchasing\\Purchasing_System\\vendor\\laravel\\framework\\src\\Illuminate\\Foundation\\Console\\Kernel.php(129): Illuminate\\Console\\Application->run(Object(Symfony\\Component\\Console\\Input\\ArgvInput), Object(Symfony\\Component\\Console\\Output\\ConsoleOutput))
#34 D:\\Kuliah\\Semester5\\Kedaireka\\Project\\Purchasing\\Purchasing_System\\artisan(37): Illuminate\\Foundation\\Console\\Kernel->handle(Object(Symfony\\Component\\Console\\Input\\ArgvInput), Object(Symfony\\Component\\Console\\Output\\ConsoleOutput))
#35 {main}
"} 
